<?xml version="1.0" encoding="UTF-8"?>
<Site BuildName="Linux-g++"
	BuildStamp="20260321-0549-Experimental"
	Name="koi"
	Generator="ctest-3.22.1"
	CompilerName="/usr/bin/g++"
	CompilerVersion="11.4.0"
	OSName="Linux"
	Hostname="koi"
	OSRelease="6.6.87.2-microsoft-standard-WSL2"
	OSVersion="#1 SMP PREEMPT_DYNAMIC Thu Jun  5 18:30:46 UTC 2025"
	OSPlatform="x86_64"
	Is64Bits="1"
	VendorString="AuthenticAMD"
	VendorID="Advanced Micro Devices"
	FamilyID="26"
	ModelID="68"
	ProcessorCacheSize="1024"
	NumberOfLogicalCPU="32"
	NumberOfPhysicalCPU="16"
	TotalVirtualMemory="8192"
	TotalPhysicalMemory="30858"
	LogicalProcessorsPerPhysical="2"
	ProcessorClockFrequency="4299.93"
	>
	<Testing>
		<StartDateTime>Mar 21 20:13 CST</StartDateTime>
		<StartTestTime>1774095222</StartTestTime>
		<TestList/>
		<EndDateTime>Mar 21 20:13 CST</EndDateTime>
		<EndTestTime>1774095222</EndTestTime>
		<ElapsedMinutes>0</ElapsedMinutes>
	</Testing>
</Site>
